2024-03-01 08:00:01 INFO  [server] Application started on port 8080
2024-03-01 08:00:45 INFO  [database] Connected to MySQL at 10.0.0.1:3306
2024-03-01 08:01:15 INFO  [auth] User admin logged in from 192.168.1.10
2024-03-01 08:02:33 ERROR [database] Connection timeout after 30s - retrying...
2024-03-01 08:02:35 ERROR [database] Retry 1 failed: connection refused
2024-03-01 08:02:37 ERROR [database] Retry 2 failed: connection refused
2024-03-01 08:03:01 INFO  [database] Connection restored successfully
2024-03-01 08:03:44 INFO  [api] GET /api/users 200 OK (45ms)
2024-03-01 08:04:12 WARN  [memory] Memory usage at 75% - threshold approaching
2024-03-01 08:04:55 INFO  [api] POST /api/login 200 OK (120ms)
2024-03-01 08:05:10 ERROR [auth] Failed login attempt for user: hacker@evil.com
2024-03-01 08:05:11 ERROR [auth] Failed login attempt for user: hacker@evil.com
2024-03-01 08:05:12 ERROR [auth] Failed login attempt for user: hacker@evil.com
2024-03-01 08:05:13 WARN  [auth] Brute force detected from IP 203.0.113.42 - blocking
2024-03-01 08:06:01 INFO  [backup] Nightly backup started
2024-03-01 08:06:45 INFO  [api] GET /api/products 200 OK (33ms)
2024-03-01 08:07:22 ERROR [disk] Disk space critically low: /dev/sda1 at 92% capacity
2024-03-01 08:08:01 INFO  [api] DELETE /api/users/42 200 OK (88ms)
2024-03-01 08:08:45 INFO  [auth] User dinesh logged in from 10.0.0.5
2024-03-01 08:09:10 WARN  [cpu] CPU usage spike: 90% on core 2
2024-03-01 08:09:55 ERROR [api] GET /api/orders 500 Internal Server Error (2001ms)
2024-03-01 08:10:01 ERROR [api] POST /api/payment 503 Service Unavailable
2024-03-01 08:10:15 ERROR [network] Failed to reach endpoint https://payment.gateway.com
2024-03-01 08:10:33 INFO  [cache] Cache cleared - 1024 keys removed
2024-03-01 08:11:00 INFO  [api] GET /api/health 200 OK (5ms)
2024-03-01 08:11:44 WARN  [ssl] Certificate for api.myapp.com expires in 7 days
2024-03-01 08:12:01 ERROR [security] Permission denied accessing /var/log/secure
2024-03-01 08:12:33 INFO  [api] GET /api/users/10 200 OK (22ms)
2024-03-01 08:13:10 ERROR [memory] Out of memory - killing process PID 4821
2024-03-01 08:13:11 ERROR [memory] Out of memory - killing process PID 4822
2024-03-01 08:13:55 INFO  [scheduler] Cron job cleanup_old_sessions completed
2024-03-01 08:14:22 INFO  [auth] User testuser@example.com registered successfully
2024-03-01 08:15:01 ERROR [database] MySQL server has gone away - reconnecting
2024-03-01 08:15:03 INFO  [database] Reconnected to MySQL successfully
2024-03-01 08:16:00 WARN  [api] GET /api/reports 200 OK (4500ms) - slow response
2024-03-01 08:16:44 ERROR [server] Segmentation fault in worker process PID 3901
2024-03-01 08:17:01 INFO  [server] Worker process restarted PID 3910
2024-03-01 08:17:33 INFO  [api] PUT /api/settings 200 OK (67ms)
2024-03-01 08:18:10 INFO  [health] Health check passed - all services up
2024-03-01 08:18:55 ERROR [api] GET /api/analytics 404 Not Found
2024-03-01 08:19:01 WARN  [database] Slow query detected: 8200ms on table orders
2024-03-01 08:19:44 ERROR [network] DNS resolution failed for db.internal.myapp.com
2024-03-01 08:20:01 INFO  [auth] User admin logged out
2024-03-01 08:20:33 ERROR [backup] Backup failed - not enough disk space
2024-03-01 08:21:00 INFO  [api] GET /api/users 200 OK (41ms)
2024-03-01 08:21:44 WARN  [memory] Memory usage at 85% - critical threshold
2024-03-01 08:22:10 ERROR [server] Connection pool exhausted - max 100 connections reached
2024-03-01 08:22:55 INFO  [api] POST /api/orders 201 Created (310ms)
2024-03-01 08:23:33 ERROR [auth] JWT token expired for user dinesh
2024-03-01 08:24:01 INFO  [cache] Cache warmed up - 512 keys loaded
2024-03-01 08:24:44 ERROR [api] POST /api/upload 413 Payload Too Large
2024-03-01 08:25:10 INFO  [scheduler] Email digest job completed - 142 emails sent
2024-03-01 08:25:55 WARN  [ssl] TLS handshake timeout from 198.51.100.23
2024-03-01 08:26:33 ERROR [database] Deadlock detected on table transactions
2024-03-01 08:27:01 INFO  [api] GET /api/health 200 OK (4ms)
2024-03-01 08:27:44 ERROR [server] Unhandled exception: NullPointerException in OrderService.java:142
2024-03-01 08:28:10 INFO  [auth] User raj@example.com logged in from 172.16.0.8
2024-03-01 08:28:55 WARN  [network] High latency detected: 850ms to us-east-1
2024-03-01 08:29:33 ERROR [api] GET /api/export 408 Request Timeout
2024-03-01 08:30:01 INFO  [server] Application shutdown initiated
2024-03-01 08:30:05 INFO  [database] All connections closed gracefully
2024-03-01 08:30:07 INFO  [server] Application stopped
